SF:c:\Users\daini\Desktop\TurretDefence\TowerDefence-ServerSide\GameHub.cs
FN:12,System.Void TowerDefence_ServerSide.GameHub::createMap(System.String)
FNDA:0,System.Void TowerDefence_ServerSide.GameHub::createMap(System.String)
DA:13,0
DA:14,0
DA:15,0
FN:16,System.Void TowerDefence_ServerSide.GameHub::buySoldier(TowerDefence_SharedContent.PlayerType)
FNDA:0,System.Void TowerDefence_ServerSide.GameHub::buySoldier(TowerDefence_SharedContent.PlayerType)
DA:17,0
DA:18,0
DA:19,0
DA:20,0
DA:21,0
FN:23,System.Void TowerDefence_ServerSide.GameHub::buyTower(TowerDefence_SharedContent.PlayerType)
FNDA:0,System.Void TowerDefence_ServerSide.GameHub::buyTower(TowerDefence_SharedContent.PlayerType)
DA:24,0
DA:25,0
DA:26,0
DA:27,0
DA:29,0
FN:30,System.Void TowerDefence_ServerSide.GameHub::restartGame()
FNDA:0,System.Void TowerDefence_ServerSide.GameHub::restartGame()
DA:31,0
DA:32,0
DA:33,0
DA:34,0
DA:35,0
FN:36,System.Void TowerDefence_ServerSide.GameHub::deleteTower(TowerDefence_SharedContent.PlayerType)
FNDA:0,System.Void TowerDefence_ServerSide.GameHub::deleteTower(TowerDefence_SharedContent.PlayerType)
DA:37,0
DA:38,0
DA:39,0
DA:40,0
DA:42,0
LF:23
LH:0
BRF:0
BRH:0
FNF:5
FNH:0
end_of_record
SF:c:\Users\daini\Desktop\TurretDefence\TowerDefence-ServerSide\MapController.cs
FN:11,TowerDefence_SharedContent.Map TowerDefence_ServerSide.MapController::get_map()
FNDA:198,TowerDefence_SharedContent.Map TowerDefence_ServerSide.MapController::get_map()
DA:12,198
FN:31,System.Void TowerDefence_ServerSide.MapController::AddMapSend()
FNDA:12,System.Void TowerDefence_ServerSide.MapController::AddMapSend()
DA:32,12
DA:33,12
DA:34,22
DA:35,22
DA:36,12
DA:37,12
FN:38,System.Void TowerDefence_ServerSide.MapController::AddSoldierMovement()
FNDA:12,System.Void TowerDefence_ServerSide.MapController::AddSoldierMovement()
DA:39,12
DA:40,34
DA:41,22
DA:42,44
DA:43,0
DA:44,0
DA:45,0
DA:46,0
DA:47,0
DA:48,0
DA:49,0
DA:50,0
DA:51,0
DA:52,22
DA:53,44
DA:54,0
DA:55,0
DA:56,0
DA:57,0
DA:58,0
DA:59,0
DA:60,0
DA:61,0
DA:62,0
DA:63,34
DA:64,12
FN:66,System.Void TowerDefence_ServerSide.MapController::AddTowerScan(TowerDefence_SharedContent.PlayerType,TowerDefence_SharedContent.PlayerType)
FNDA:26,System.Void TowerDefence_ServerSide.MapController::AddTowerScan(TowerDefence_SharedContent.PlayerType,TowerDefence_SharedContent.PlayerType)
DA:67,26
DA:68,26
DA:69,46
DA:70,46
DA:71,46
DA:72,46
DA:73,0
DA:74,0
DA:75,46
DA:76,72
DA:77,26
FN:79,System.Void TowerDefence_ServerSide.MapController::AddBulletMovement()
FNDA:14,System.Void TowerDefence_ServerSide.MapController::AddBulletMovement()
DA:80,14
DA:81,39
DA:82,25
DA:83,25
DA:84,0
DA:85,0
DA:86,0
DA:87,0
DA:88,0
DA:89,0
DA:90,0
DA:91,0
DA:92,0
DA:93,0
DA:94,0
DA:95,25
DA:96,25
DA:97,25
DA:98,0
DA:99,0
DA:100,0
DA:101,0
DA:102,0
DA:103,0
DA:104,0
DA:105,0
DA:106,0
DA:107,0
DA:108,0
DA:109,25
DA:110,39
DA:111,14
BRDA:85,133,1,0
BRDA:89,89,0,0
BRDA:89,89,1,0
BRDA:85,133,0,0
BRDA:99,130,1,0
BRDA:103,86,0,0
BRDA:103,86,1,0
BRDA:99,130,0,0
FN:113,System.Void TowerDefence_ServerSide.MapController::ScanAndShoot(TowerDefence_SharedContent.Tower,System.Collections.Generic.List`1<TowerDefence_SharedContent.Soldier>)
FNDA:2,System.Void TowerDefence_ServerSide.MapController::ScanAndShoot(TowerDefence_SharedContent.Tower,System.Collections.Generic.List`1<TowerDefence_SharedContent.Soldier>)
DA:114,2
DA:115,8
DA:116,2
DA:117,2
DA:119,2
DA:120,0
DA:121,0
DA:123,0
DA:124,2
DA:125,0
DA:126,0
DA:127,0
DA:128,0
DA:129,0
DA:130,0
DA:131,0
DA:132,0
DA:133,2
DA:134,2
BRDA:115,156,1,2
BRDA:119,45,0,0
BRDA:119,45,1,2
BRDA:124,73,0,0
BRDA:126,109,0,0
BRDA:126,109,1,0
BRDA:124,73,1,2
BRDA:115,156,0,2
FN:136,System.Boolean TowerDefence_ServerSide.MapController::CanShoot(System.Drawing.Point,System.Drawing.Point,System.Int32)
FNDA:4,System.Boolean TowerDefence_ServerSide.MapController::CanShoot(System.Drawing.Point,System.Drawing.Point,System.Int32)
DA:137,4
DA:138,4
DA:139,4
FN:141,System.Boolean TowerDefence_ServerSide.MapController::CanDestroy(System.Drawing.Point,System.Drawing.Point)
FNDA:2,System.Boolean TowerDefence_ServerSide.MapController::CanDestroy(System.Drawing.Point,System.Drawing.Point)
DA:142,2
DA:143,2
DA:144,2
FN:146,System.Void TowerDefence_ServerSide.MapController::Shoot(TowerDefence_SharedContent.Tower)
FNDA:2,System.Void TowerDefence_ServerSide.MapController::Shoot(TowerDefence_SharedContent.Tower)
DA:147,2
DA:148,2
DA:149,2
FN:150,System.Void TowerDefence_ServerSide.MapController::restartMap()
FNDA:0,System.Void TowerDefence_ServerSide.MapController::restartMap()
DA:151,0
DA:153,0
FN:13,System.Void TowerDefence_ServerSide.MapController::.ctor(Microsoft.AspNetCore.SignalR.IHubContext`1<TowerDefence_ServerSide.GameHub>,TowerDefence_SharedContent.Map)
FNDA:12,System.Void TowerDefence_ServerSide.MapController::.ctor(Microsoft.AspNetCore.SignalR.IHubContext`1<TowerDefence_ServerSide.GameHub>,TowerDefence_SharedContent.Map)
DA:14,12
DA:16,12
DA:17,12
DA:18,12
DA:19,12
DA:20,12
DA:21,12
DA:23,12
DA:24,12
DA:26,12
DA:27,12
DA:29,12
DA:30,12
FN:14,System.Void TowerDefence_ServerSide.MapController::.cctor()
FNDA:1,System.Void TowerDefence_ServerSide.MapController::.cctor()
DA:15,1
LF:120
LH:65
BRF:24
BRH:6
FNF:12
FNH:11
end_of_record
SF:c:\Users\daini\Desktop\TurretDefence\TowerDefence-ServerSide\MapControllerSingleton.cs
FN:14,System.Void TowerDefence_ServerSide.MapControllerSingleton::setIHubContext(Microsoft.AspNetCore.SignalR.IHubContext`1<TowerDefence_ServerSide.GameHub>)
FNDA:0,System.Void TowerDefence_ServerSide.MapControllerSingleton::setIHubContext(Microsoft.AspNetCore.SignalR.IHubContext`1<TowerDefence_ServerSide.GameHub>)
DA:15,0
DA:16,0
DA:17,0
FN:18,System.Void TowerDefence_ServerSide.MapControllerSingleton::createMap(System.String)
FNDA:0,System.Void TowerDefence_ServerSide.MapControllerSingleton::createMap(System.String)
DA:19,0
DA:20,0
DA:21,0
DA:23,0
DA:26,0
DA:27,0
DA:29,0
DA:30,0
DA:32,0
DA:33,0
DA:35,0
DA:36,0
DA:38,0
DA:39,0
DA:41,0
DA:42,0
BRDA:20,11,1,0
BRDA:23,38,0,0
BRDA:23,51,0,0
BRDA:23,64,0,0
BRDA:23,38,1,0
BRDA:23,51,1,0
BRDA:23,64,1,0
BRDA:23,77,1,0
BRDA:23,77,0,0
BRDA:20,11,0,0
FN:43,TowerDefence_ServerSide.MapController TowerDefence_ServerSide.MapControllerSingleton::getMapController()
FNDA:0,TowerDefence_ServerSide.MapController TowerDefence_ServerSide.MapControllerSingleton::getMapController()
DA:44,0
DA:45,0
DA:46,0
LF:22
LH:0
BRF:10
BRH:0
FNF:3
FNH:0
end_of_record
SF:c:\Users\daini\Desktop\TurretDefence\TowerDefence-ServerSide\MapFactory.cs
FN:12,TowerDefence_SharedContent.Map TowerDefence_ServerSide.MapFactory::CreateSummerMap()
FNDA:0,TowerDefence_SharedContent.Map TowerDefence_ServerSide.MapFactory::CreateSummerMap()
DA:13,0
DA:14,0
DA:15,0
DA:16,0
DA:17,0
FN:18,TowerDefence_SharedContent.Map TowerDefence_ServerSide.MapFactory::CreateSpringMap()
FNDA:0,TowerDefence_SharedContent.Map TowerDefence_ServerSide.MapFactory::CreateSpringMap()
DA:19,0
DA:20,0
DA:21,0
DA:22,0
DA:23,0
FN:24,TowerDefence_SharedContent.Map TowerDefence_ServerSide.MapFactory::CreateWinterMap()
FNDA:0,TowerDefence_SharedContent.Map TowerDefence_ServerSide.MapFactory::CreateWinterMap()
DA:25,0
DA:26,0
DA:27,0
DA:28,0
DA:29,0
FN:30,TowerDefence_SharedContent.Map TowerDefence_ServerSide.MapFactory::CreateAutumnMap()
FNDA:12,TowerDefence_SharedContent.Map TowerDefence_ServerSide.MapFactory::CreateAutumnMap()
DA:31,12
DA:32,12
DA:33,12
DA:34,12
DA:35,12
LF:20
LH:5
BRF:0
BRH:0
FNF:4
FNH:1
end_of_record
SF:c:\Users\daini\Desktop\TurretDefence\TowerDefence-ServerSide\Program.cs
FN:14,System.Void TowerDefence_ServerSide.Program::Main(System.String[])
FNDA:0,System.Void TowerDefence_ServerSide.Program::Main(System.String[])
DA:15,0
DA:16,0
DA:17,0
FN:19,Microsoft.Extensions.Hosting.IHostBuilder TowerDefence_ServerSide.Program::CreateHostBuilder(System.String[])
FNDA:0,Microsoft.Extensions.Hosting.IHostBuilder TowerDefence_ServerSide.Program::CreateHostBuilder(System.String[])
DA:20,0
DA:21,0
DA:22,0
DA:23,0
DA:24,0
LF:8
LH:0
BRF:0
BRH:0
FNF:2
FNH:0
end_of_record
SF:c:\Users\daini\Desktop\TurretDefence\TowerDefence-ServerSide\Startup.cs
FN:24,Microsoft.Extensions.Configuration.IConfiguration TowerDefence_ServerSide.Startup::get_Configuration()
FNDA:0,Microsoft.Extensions.Configuration.IConfiguration TowerDefence_ServerSide.Startup::get_Configuration()
DA:25,0
FN:28,System.Void TowerDefence_ServerSide.Startup::ConfigureServices(Microsoft.Extensions.DependencyInjection.IServiceCollection)
FNDA:0,System.Void TowerDefence_ServerSide.Startup::ConfigureServices(Microsoft.Extensions.DependencyInjection.IServiceCollection)
DA:29,0
DA:30,0
DA:31,0
FN:34,System.Void TowerDefence_ServerSide.Startup::Configure(Microsoft.AspNetCore.Builder.IApplicationBuilder,Microsoft.AspNetCore.Hosting.IWebHostEnvironment)
FNDA:0,System.Void TowerDefence_ServerSide.Startup::Configure(Microsoft.AspNetCore.Builder.IApplicationBuilder,Microsoft.AspNetCore.Hosting.IWebHostEnvironment)
DA:35,0
DA:36,0
DA:37,0
DA:38,0
DA:39,0
DA:41,0
DA:43,0
DA:45,0
DA:47,0
DA:48,0
DA:49,0
DA:50,0
DA:51,0
DA:52,0
DA:53,0
BRDA:36,9,0,0
BRDA:36,9,1,0
FN:19,System.Void TowerDefence_ServerSide.Startup::.ctor(Microsoft.Extensions.Configuration.IConfiguration)
FNDA:0,System.Void TowerDefence_ServerSide.Startup::.ctor(Microsoft.Extensions.Configuration.IConfiguration)
DA:20,0
DA:21,0
DA:22,0
DA:23,0
LF:23
LH:0
BRF:2
BRH:0
FNF:4
FNH:0
end_of_record
SF:c:\Users\daini\Desktop\TurretDefence\TowerDefence-SharedContent\Bullet.cs
FN:9,System.Drawing.Point TowerDefence_SharedContent.Bullet::get_Coordinates()
FNDA:4,System.Drawing.Point TowerDefence_SharedContent.Bullet::get_Coordinates()
DA:10,4
FN:10,System.String TowerDefence_SharedContent.Bullet::get_Sprite()
FNDA:4,System.String TowerDefence_SharedContent.Bullet::get_Sprite()
DA:11,4
FN:11,System.Int32 TowerDefence_SharedContent.Bullet::get_Speed()
FNDA:4,System.Int32 TowerDefence_SharedContent.Bullet::get_Speed()
DA:12,4
FN:13,System.Void TowerDefence_SharedContent.Bullet::.ctor(System.Drawing.Point)
FNDA:4,System.Void TowerDefence_SharedContent.Bullet::.ctor(System.Drawing.Point)
DA:14,4
DA:15,4
DA:16,4
DA:17,4
DA:18,4
DA:19,4
LF:9
LH:9
BRF:0
BRH:0
FNF:4
FNH:4
end_of_record
SF:c:\Users\daini\Desktop\TurretDefence\TowerDefence-SharedContent\Map.cs
FN:23,TowerDefence_SharedContent.Player TowerDefence_SharedContent.Map::GetPlayer(TowerDefence_SharedContent.PlayerType)
FNDA:186,TowerDefence_SharedContent.Player TowerDefence_SharedContent.Map::GetPlayer(TowerDefence_SharedContent.PlayerType)
DA:24,186
DA:25,186
DA:26,186
BRDA:25,2,0,93
BRDA:25,2,1,93
FN:28,System.String TowerDefence_SharedContent.Map::ToJson()
FNDA:0,System.String TowerDefence_SharedContent.Map::ToJson()
DA:29,0
DA:30,0
DA:31,0
DA:32,0
FN:34,System.Void TowerDefence_SharedContent.Map::addSoldier(TowerDefence_SharedContent.PlayerType)
FNDA:0,System.Void TowerDefence_SharedContent.Map::addSoldier(TowerDefence_SharedContent.PlayerType)
DA:35,0
DA:36,0
DA:37,0
FN:39,System.Void TowerDefence_SharedContent.Map::addTower(TowerDefence_SharedContent.PlayerType)
FNDA:0,System.Void TowerDefence_SharedContent.Map::addTower(TowerDefence_SharedContent.PlayerType)
DA:40,0
DA:41,0
DA:42,0
FN:44,System.Void TowerDefence_SharedContent.Map::deleteTower(TowerDefence_SharedContent.PlayerType)
FNDA:0,System.Void TowerDefence_SharedContent.Map::deleteTower(TowerDefence_SharedContent.PlayerType)
DA:45,0
DA:46,0
DA:47,0
DA:48,0
DA:49,0
DA:50,0
DA:51,0
FN:15,System.Void TowerDefence_SharedContent.Map::.ctor()
FNDA:12,System.Void TowerDefence_SharedContent.Map::.ctor()
DA:16,12
DA:17,12
DA:18,12
DA:19,12
DA:20,12
LF:25
LH:8
BRF:2
BRH:2
FNF:6
FNH:2
end_of_record
SF:c:\Users\daini\Desktop\TurretDefence\TowerDefence-SharedContent\Player.cs
FN:14,System.Int32 TowerDefence_SharedContent.Player::get_Hitpoints()
FNDA:0,System.Int32 TowerDefence_SharedContent.Player::get_Hitpoints()
DA:15,0
FN:15,System.Int32 TowerDefence_SharedContent.Player::get_TowerCurrency()
FNDA:0,System.Int32 TowerDefence_SharedContent.Player::get_TowerCurrency()
DA:16,0
FN:16,System.Int32 TowerDefence_SharedContent.Player::get_SoldierCurrency()
FNDA:0,System.Int32 TowerDefence_SharedContent.Player::get_SoldierCurrency()
DA:17,0
FN:21,System.Void TowerDefence_SharedContent.Player::.ctor()
FNDA:24,System.Void TowerDefence_SharedContent.Player::.ctor()
DA:22,24
DA:23,24
DA:24,24
DA:25,24
DA:26,24
LF:8
LH:5
BRF:0
BRH:0
FNF:4
FNH:1
end_of_record
SF:c:\Users\daini\Desktop\TurretDefence\TowerDefence-SharedContent\Soldier.cs
FN:9,System.Int32 TowerDefence_SharedContent.Soldier::get_Level()
FNDA:0,System.Int32 TowerDefence_SharedContent.Soldier::get_Level()
DA:10,0
FN:10,System.Int32[] TowerDefence_SharedContent.Soldier::get_UpgradePrice()
FNDA:0,System.Int32[] TowerDefence_SharedContent.Soldier::get_UpgradePrice()
DA:11,0
FN:11,System.Int32[] TowerDefence_SharedContent.Soldier::get_BuyPrice()
FNDA:0,System.Int32[] TowerDefence_SharedContent.Soldier::get_BuyPrice()
DA:12,0
FN:12,System.Double TowerDefence_SharedContent.Soldier::get_Speed()
FNDA:6,System.Double TowerDefence_SharedContent.Soldier::get_Speed()
DA:13,6
FN:13,System.Double[] TowerDefence_SharedContent.Soldier::get_Hitpoints()
FNDA:0,System.Double[] TowerDefence_SharedContent.Soldier::get_Hitpoints()
DA:14,0
FN:14,System.Drawing.Point TowerDefence_SharedContent.Soldier::get_Coordinates()
FNDA:8,System.Drawing.Point TowerDefence_SharedContent.Soldier::get_Coordinates()
DA:15,8
FN:15,System.String TowerDefence_SharedContent.Soldier::get_Sprite()
FNDA:6,System.String TowerDefence_SharedContent.Soldier::get_Sprite()
DA:16,6
FN:17,System.Void TowerDefence_SharedContent.Soldier::.ctor(TowerDefence_SharedContent.PlayerType)
FNDA:6,System.Void TowerDefence_SharedContent.Soldier::.ctor(TowerDefence_SharedContent.PlayerType)
DA:18,6
DA:19,6
DA:21,6
DA:22,6
DA:23,6
DA:24,6
BRDA:21,10,0,4
BRDA:21,10,1,2
LF:13
LH:9
BRF:2
BRH:2
FNF:8
FNH:4
end_of_record
SF:c:\Users\daini\Desktop\TurretDefence\TowerDefence-SharedContent\SpritePaths.cs
FN:9,System.String TowerDefence_SharedContent.SpritePaths::getTower(TowerDefence_SharedContent.PlayerType)
FNDA:6,System.String TowerDefence_SharedContent.SpritePaths::getTower(TowerDefence_SharedContent.PlayerType)
DA:10,6
DA:11,6
DA:12,6
BRDA:11,2,0,0
BRDA:11,2,1,6
FN:14,System.String TowerDefence_SharedContent.SpritePaths::getSoldier(TowerDefence_SharedContent.PlayerType)
FNDA:6,System.String TowerDefence_SharedContent.SpritePaths::getSoldier(TowerDefence_SharedContent.PlayerType)
DA:15,6
DA:16,6
DA:17,6
BRDA:16,2,0,4
BRDA:16,2,1,2
FN:19,System.String TowerDefence_SharedContent.SpritePaths::getBullet()
FNDA:4,System.String TowerDefence_SharedContent.SpritePaths::getBullet()
DA:20,4
DA:21,4
DA:22,4
LF:9
LH:9
BRF:4
BRH:3
FNF:3
FNH:3
end_of_record
SF:c:\Users\daini\Desktop\TurretDefence\TowerDefence-SharedContent\Tower.cs
FN:9,System.Int32 TowerDefence_SharedContent.Tower::get_Level()
FNDA:6,System.Int32 TowerDefence_SharedContent.Tower::get_Level()
DA:10,6
FN:10,System.Int32[] TowerDefence_SharedContent.Tower::get_Price()
FNDA:0,System.Int32[] TowerDefence_SharedContent.Tower::get_Price()
DA:11,0
FN:11,System.Drawing.Point TowerDefence_SharedContent.Tower::get_Coordinates()
FNDA:10,System.Drawing.Point TowerDefence_SharedContent.Tower::get_Coordinates()
DA:12,10
FN:12,System.Int32[] TowerDefence_SharedContent.Tower::get_Range()
FNDA:8,System.Int32[] TowerDefence_SharedContent.Tower::get_Range()
DA:13,8
FN:13,System.Int32[] TowerDefence_SharedContent.Tower::get_Power()
FNDA:0,System.Int32[] TowerDefence_SharedContent.Tower::get_Power()
DA:14,0
FN:14,System.Double[] TowerDefence_SharedContent.Tower::get_RateOfFire()
FNDA:0,System.Double[] TowerDefence_SharedContent.Tower::get_RateOfFire()
DA:15,0
FN:15,System.String TowerDefence_SharedContent.Tower::get_Sprite()
FNDA:6,System.String TowerDefence_SharedContent.Tower::get_Sprite()
DA:16,6
FN:16,System.Collections.Generic.List`1<TowerDefence_SharedContent.Bullet> TowerDefence_SharedContent.Tower::get_Bullets()
FNDA:18,System.Collections.Generic.List`1<TowerDefence_SharedContent.Bullet> TowerDefence_SharedContent.Tower::get_Bullets()
DA:17,18
FN:18,System.Void TowerDefence_SharedContent.Tower::.ctor(TowerDefence_SharedContent.PlayerType)
FNDA:6,System.Void TowerDefence_SharedContent.Tower::.ctor(TowerDefence_SharedContent.PlayerType)
DA:19,6
DA:20,6
DA:21,6
DA:22,6
DA:23,6
DA:24,6
DA:25,6
DA:27,6
BRDA:23,42,0,0
BRDA:23,42,1,6
LF:16
LH:13
BRF:2
BRH:1
FNF:9
FNH:6
end_of_record